2018-04-21 08:31:35,189 [Worker-16] INFO  o.e.m.c.i.l.LifecycleMappingFactory - Using org.eclipse.m2e.jdt.JarLifecycleMapping lifecycle mapping for MavenProject: com.pintu:xcelpractice:0.0.1-SNAPSHOT @ C:\Users\pintu ravi\Documents\GitHub\xcelmanipulations\xcelpractice\pom.xml.
2018-04-21 08:31:42,125 [Worker-16] INFO  o.e.m.j.i.AbstractJavaProjectConfigurator - Adding source folder /xcelpractice/src/main/java
2018-04-21 08:31:42,129 [Worker-16] INFO  o.e.m.j.i.AbstractJavaProjectConfigurator - Adding resource folder /xcelpractice/src/main/resources
2018-04-21 08:31:42,131 [Worker-16] INFO  o.e.m.j.i.AbstractJavaProjectConfigurator - Adding source folder /xcelpractice/src/test/java
2018-04-21 08:31:42,663 [Worker-16] INFO  o.e.m.c.i.p.ProjectConfigurationManager - Imported and configured 1 project(s) in 18 sec
2018-04-21 08:31:50,316 [Worker-0] INFO  o.e.m.c.i.embedder.EclipseLogger - Using 'UTF-8' encoding to copy filtered resources.
2018-04-21 08:31:50,340 [Worker-0] INFO  o.e.m.c.i.embedder.EclipseLogger - Copying 0 resource
2018-04-21 08:31:50,344 [Worker-0] INFO  o.e.m.c.i.embedder.EclipseLogger - Using 'UTF-8' encoding to copy filtered resources.
2018-04-21 08:31:50,345 [Worker-0] INFO  o.e.m.c.i.embedder.EclipseLogger - skip non existing resourceDirectory C:\Users\pintu ravi\Documents\GitHub\xcelmanipulations\xcelpractice\src\test\resources
2018-04-21 08:34:08,988 [Worker-11] INFO  o.e.m.c.i.embedder.EclipseLogger - Using 'UTF-8' encoding to copy filtered resources.
2018-04-21 08:34:08,997 [Worker-11] INFO  o.e.m.c.i.embedder.EclipseLogger - Copying 0 resource
2018-04-21 08:34:08,999 [Worker-11] INFO  o.e.m.c.i.embedder.EclipseLogger - Using 'UTF-8' encoding to copy filtered resources.
2018-04-21 08:34:08,999 [Worker-11] INFO  o.e.m.c.i.embedder.EclipseLogger - skip non existing resourceDirectory C:\Users\pintu ravi\Documents\GitHub\xcelmanipulations\xcelpractice\src\test\resources
2018-04-21 08:40:59,397 [Worker-10] INFO  o.e.m.c.i.embedder.EclipseLogger - Using 'UTF-8' encoding to copy filtered resources.
2018-04-21 08:41:00,794 [Worker-10] INFO  o.e.m.c.i.embedder.EclipseLogger - Copying 0 resource
2018-04-21 08:41:00,796 [Worker-10] INFO  o.e.m.c.i.embedder.EclipseLogger - Using 'UTF-8' encoding to copy filtered resources.
2018-04-21 08:41:00,802 [Worker-10] INFO  o.e.m.c.i.embedder.EclipseLogger - skip non existing resourceDirectory C:\Users\pintu ravi\Documents\GitHub\xcelmanipulations\xcelpractice\src\test\resources
2018-04-21 08:42:21,847 [Worker-23] INFO  o.e.m.c.i.embedder.EclipseLogger - Using 'UTF-8' encoding to copy filtered resources.
2018-04-21 08:42:21,848 [Worker-23] INFO  o.e.m.c.i.embedder.EclipseLogger - Copying 0 resource
2018-04-21 08:42:21,850 [Worker-23] INFO  o.e.m.c.i.embedder.EclipseLogger - Using 'UTF-8' encoding to copy filtered resources.
2018-04-21 08:42:21,858 [Worker-23] INFO  o.e.m.c.i.embedder.EclipseLogger - skip non existing resourceDirectory C:\Users\pintu ravi\Documents\GitHub\xcelmanipulations\xcelpractice\src\test\resources
2018-04-21 08:43:57,990 [Worker-22] INFO  o.e.m.c.i.embedder.EclipseLogger - Using 'UTF-8' encoding to copy filtered resources.
2018-04-21 08:43:57,997 [Worker-22] INFO  o.e.m.c.i.embedder.EclipseLogger - Copying 0 resource
2018-04-21 08:43:58,032 [Worker-22] INFO  o.e.m.c.i.embedder.EclipseLogger - Using 'UTF-8' encoding to copy filtered resources.
2018-04-21 08:43:58,037 [Worker-22] INFO  o.e.m.c.i.embedder.EclipseLogger - skip non existing resourceDirectory C:\Users\pintu ravi\Documents\GitHub\xcelmanipulations\xcelpractice\src\test\resources
2018-04-21 08:44:15,614 [Worker-23] INFO  o.e.m.c.i.embedder.EclipseLogger - Using 'UTF-8' encoding to copy filtered resources.
2018-04-21 08:44:15,615 [Worker-23] INFO  o.e.m.c.i.embedder.EclipseLogger - Copying 0 resource
2018-04-21 08:44:15,617 [Worker-23] INFO  o.e.m.c.i.embedder.EclipseLogger - Using 'UTF-8' encoding to copy filtered resources.
2018-04-21 08:44:15,625 [Worker-23] INFO  o.e.m.c.i.embedder.EclipseLogger - skip non existing resourceDirectory C:\Users\pintu ravi\Documents\GitHub\xcelmanipulations\xcelpractice\src\test\resources
2018-04-21 09:06:33,789 [Worker-31] INFO  o.e.m.c.i.embedder.EclipseLogger - Using 'UTF-8' encoding to copy filtered resources.
2018-04-21 09:06:33,791 [Worker-31] INFO  o.e.m.c.i.embedder.EclipseLogger - Copying 0 resource
2018-04-21 09:06:33,802 [Worker-31] INFO  o.e.m.c.i.embedder.EclipseLogger - Using 'UTF-8' encoding to copy filtered resources.
2018-04-21 09:06:33,812 [Worker-31] INFO  o.e.m.c.i.embedder.EclipseLogger - skip non existing resourceDirectory C:\Users\pintu ravi\Documents\GitHub\xcelmanipulations\xcelpractice\src\test\resources
2018-04-21 09:06:37,315 [Worker-22] INFO  o.e.m.c.i.embedder.EclipseLogger - Using 'UTF-8' encoding to copy filtered resources.
2018-04-21 09:06:37,317 [Worker-22] INFO  o.e.m.c.i.embedder.EclipseLogger - Copying 0 resource
2018-04-21 09:06:37,319 [Worker-22] INFO  o.e.m.c.i.embedder.EclipseLogger - Using 'UTF-8' encoding to copy filtered resources.
2018-04-21 09:06:37,331 [Worker-22] INFO  o.e.m.c.i.embedder.EclipseLogger - skip non existing resourceDirectory C:\Users\pintu ravi\Documents\GitHub\xcelmanipulations\xcelpractice\src\test\resources
2018-04-21 09:08:24,360 [Worker-28] INFO  o.e.m.c.i.l.LifecycleMappingFactory - Using org.eclipse.m2e.jdt.JarLifecycleMapping lifecycle mapping for MavenProject: com.pintu.dipractice:dipractice:0.0.1-SNAPSHOT @ C:\Users\pintu ravi\Documents\GitHub\xcelmanipulations\dipractice\pom.xml.
2018-04-21 09:08:26,349 [Worker-28] INFO  o.e.m.j.i.AbstractJavaProjectConfigurator - Adding source folder /dipractice/src/main/java
2018-04-21 09:08:26,354 [Worker-28] INFO  o.e.m.j.i.AbstractJavaProjectConfigurator - Adding resource folder /dipractice/src/main/resources
2018-04-21 09:08:26,375 [Worker-28] INFO  o.e.m.j.i.AbstractJavaProjectConfigurator - Adding source folder /dipractice/src/test/java
2018-04-21 09:08:26,818 [Worker-28] INFO  o.e.m.c.i.p.ProjectConfigurationManager - Imported and configured 1 project(s) in 4 sec
2018-04-21 09:08:27,915 [Worker-31] INFO  o.e.m.c.i.embedder.EclipseLogger - Using 'UTF-8' encoding to copy filtered resources.
2018-04-21 09:08:27,916 [Worker-31] INFO  o.e.m.c.i.embedder.EclipseLogger - Copying 1 resource
2018-04-21 09:08:27,972 [Worker-31] INFO  o.e.m.c.i.embedder.EclipseLogger - Using 'UTF-8' encoding to copy filtered resources.
2018-04-21 09:08:27,981 [Worker-31] INFO  o.e.m.c.i.embedder.EclipseLogger - skip non existing resourceDirectory C:\Users\pintu ravi\Documents\GitHub\xcelmanipulations\dipractice\src\test\resources
2018-04-21 09:14:20,735 [Worker-36] INFO  o.e.m.c.i.embedder.EclipseLogger - Using 'UTF-8' encoding to copy filtered resources.
2018-04-21 09:14:20,737 [Worker-36] INFO  o.e.m.c.i.embedder.EclipseLogger - Copying 1 resource
2018-04-21 09:14:20,747 [Worker-36] INFO  o.e.m.c.i.embedder.EclipseLogger - Using 'UTF-8' encoding to copy filtered resources.
2018-04-21 09:14:20,755 [Worker-36] INFO  o.e.m.c.i.embedder.EclipseLogger - skip non existing resourceDirectory C:\Users\pintu ravi\Documents\GitHub\xcelmanipulations\dipractice\src\test\resources
2018-04-21 09:33:15,284 [main] INFO  o.e.m2e.actions.ExecutePomAction - Creating new launch configuration
2018-04-21 09:33:29,991 [Worker-40] INFO  o.e.m.i.launch.MavenLaunchDelegate - C:\Users\pintu ravi\Documents\GitHub\xcelmanipulations\dipractice
2018-04-21 09:33:30,003 [Worker-40] INFO  o.e.m.i.launch.MavenLaunchDelegate -  mvn  -B -Dmaven.test.skip=true -DskipTests clean install
